$MMM: possibly delisted; No price data found  (1d 2020-01-01 00:00:00 -> 2020-01-02 00:00:00)
$AOS: possibly delisted; No price data found  (1d 2020-01-01 00:00:00 -> 2020-01-02 00:00:00)
$ABT: possibly delisted; No price data found  (1d 2020-01-01 00:00:00 -> 2020-01-02 00:00:00)
$ABBV: possibly delisted; No price data found  (1d 2020-01-01 00:00:00 -> 2020-01-02 00:00:00)
$ACN: possibly delisted; No price data found  (1d 2020-01-01 00:00:00 -> 2020-01-02 00:00:00)
$ADBE: possibly delisted; No price data found  (1d 2020-01-01 00:00:00 -> 2020-01-02 00:00:00)
$AMD: possibly delisted; No price data found  (1d 2020-01-01 00:00:00 -> 2020-01-02 00:00:00)
$AES: possibly delisted; No price data found  (1d 2020-01-01 00:00:00 -> 2020-01-02 00:00:00)
$AFL: possibly delisted; No price data found  (1d 2020-01-01 00:00:00 -> 2020-01-02 00:00:00)
$A: possibly delisted; No price data found  (1d 2020-01-01 00:00:00 -> 2020-01-02 00:00:00)
$APD: possibly delisted; No price data found  (1d 2020-01-01 00:00:00 -> 2020-01-02 00:00:00)
$AKAM: possibly delisted; No price data found  (1d 2020-01-01 00:00:00 -> 2020-01-02 00:00:00)
$ALB: possibly delisted; No price data found  (1d 2020-01-01 00:00:00 -> 2020-01-02 00:00:00)
$ARE: possibly delisted; No price data found  (1d 2020-01-01 00:00:00 -> 2020-01-02 00:00:00)
$ALGN: possibly delisted; No price data found  (1d 2020-01-01 00:00:00 -> 2020-01-02 00:00:00)
$ALLE: possibly delisted; No price data found  (1d 2020-01-01 00:00:00 -> 2020-01-02 00:00:00)
$LNT: possibly delisted; No price data found  (1d 2020-01-01 00:00:00 -> 2020-01-02 00:00:00)
$ALL: possibly delisted; No price data found  (1d 2020-01-01 00:00:00 -> 2020-01-02 00:00:00)
$GOOGL: possibly delisted; No price data found  (1d 2020-01-01 00:00:00 -> 2020-01-02 00:00:00)
$GOOG: possibly delisted; No price data found  (1d 2020-01-01 00:00:00 -> 2020-01-02 00:00:00)
$MO: possibly delisted; No price data found  (1d 2020-01-01 00:00:00 -> 2020-01-02 00:00:00)
$AMZN: possibly delisted; No price data found  (1d 2020-01-01 00:00:00 -> 2020-01-02 00:00:00)
$AMCR: possibly delisted; No price data found  (1d 2020-01-01 00:00:00 -> 2020-01-02 00:00:00)
$AEE: possibly delisted; No price data found  (1d 2020-01-01 00:00:00 -> 2020-01-02 00:00:00)
$AAL: possibly delisted; No price data found  (1d 2020-01-01 00:00:00 -> 2020-01-02 00:00:00)
$AEP: possibly delisted; No price data found  (1d 2020-01-01 00:00:00 -> 2020-01-02 00:00:00)
$AXP: possibly delisted; No price data found  (1d 2020-01-01 00:00:00 -> 2020-01-02 00:00:00)
$AIG: possibly delisted; No price data found  (1d 2020-01-01 00:00:00 -> 2020-01-02 00:00:00)
$AMT: possibly delisted; No price data found  (1d 2020-01-01 00:00:00 -> 2020-01-02 00:00:00)
$AWK: possibly delisted; No price data found  (1d 2020-01-01 00:00:00 -> 2020-01-02 00:00:00)
$AMP: possibly delisted; No price data found  (1d 2020-01-01 00:00:00 -> 2020-01-02 00:00:00)
$AME: possibly delisted; No price data found  (1d 2020-01-01 00:00:00 -> 2020-01-02 00:00:00)
$AMGN: possibly delisted; No price data found  (1d 2020-01-01 00:00:00 -> 2020-01-02 00:00:00)
$APH: possibly delisted; No price data found  (1d 2020-01-01 00:00:00 -> 2020-01-02 00:00:00)
$ADI: possibly delisted; No price data found  (1d 2020-01-01 00:00:00 -> 2020-01-02 00:00:00)
$ANSS: possibly delisted; No price data found  (1d 2020-01-01 00:00:00 -> 2020-01-02 00:00:00)
$AON: possibly delisted; No price data found  (1d 2020-01-01 00:00:00 -> 2020-01-02 00:00:00)
$APA: possibly delisted; No price data found  (1d 2020-01-01 00:00:00 -> 2020-01-02 00:00:00)
$AAPL: possibly delisted; No price data found  (1d 2020-01-01 00:00:00 -> 2020-01-02 00:00:00)
$AMAT: possibly delisted; No price data found  (1d 2020-01-01 00:00:00 -> 2020-01-02 00:00:00)
$APTV: possibly delisted; No price data found  (1d 2020-01-01 00:00:00 -> 2020-01-02 00:00:00)
$ACGL: possibly delisted; No price data found  (1d 2020-01-01 00:00:00 -> 2020-01-02 00:00:00)
$ADM: possibly delisted; No price data found  (1d 2020-01-01 00:00:00 -> 2020-01-02 00:00:00)
$ANET: possibly delisted; No price data found  (1d 2020-01-01 00:00:00 -> 2020-01-02 00:00:00)
$AJG: possibly delisted; No price data found  (1d 2020-01-01 00:00:00 -> 2020-01-02 00:00:00)
$AIZ: possibly delisted; No price data found  (1d 2020-01-01 00:00:00 -> 2020-01-02 00:00:00)
$T: possibly delisted; No price data found  (1d 2020-01-01 00:00:00 -> 2020-01-02 00:00:00)
$ATO: possibly delisted; No price data found  (1d 2020-01-01 00:00:00 -> 2020-01-02 00:00:00)
$ADSK: possibly delisted; No price data found  (1d 2020-01-01 00:00:00 -> 2020-01-02 00:00:00)
$ADP: possibly delisted; No price data found  (1d 2020-01-01 00:00:00 -> 2020-01-02 00:00:00)
$AZO: possibly delisted; No price data found  (1d 2020-01-01 00:00:00 -> 2020-01-02 00:00:00)
$AVB: possibly delisted; No price data found  (1d 2020-01-01 00:00:00 -> 2020-01-02 00:00:00)
$AVY: possibly delisted; No price data found  (1d 2020-01-01 00:00:00 -> 2020-01-02 00:00:00)
$AXON: possibly delisted; No price data found  (1d 2020-01-01 00:00:00 -> 2020-01-02 00:00:00)
$BKR: possibly delisted; No price data found  (1d 2020-01-01 00:00:00 -> 2020-01-02 00:00:00)
$BALL: possibly delisted; No price data found  (1d 2020-01-01 00:00:00 -> 2020-01-02 00:00:00)
$BAC: possibly delisted; No price data found  (1d 2020-01-01 00:00:00 -> 2020-01-02 00:00:00)
$BK: possibly delisted; No price data found  (1d 2020-01-01 00:00:00 -> 2020-01-02 00:00:00)
$BBWI: possibly delisted; No price data found  (1d 2020-01-01 00:00:00 -> 2020-01-02 00:00:00)
$BAX: possibly delisted; No price data found  (1d 2020-01-01 00:00:00 -> 2020-01-02 00:00:00)
$BDX: possibly delisted; No price data found  (1d 2020-01-01 00:00:00 -> 2020-01-02 00:00:00)
$BBY: possibly delisted; No price data found  (1d 2020-01-01 00:00:00 -> 2020-01-02 00:00:00)
$BIO: possibly delisted; No price data found  (1d 2020-01-01 00:00:00 -> 2020-01-02 00:00:00)
$TECH: possibly delisted; No price data found  (1d 2020-01-01 00:00:00 -> 2020-01-02 00:00:00)
$BIIB: possibly delisted; No price data found  (1d 2020-01-01 00:00:00 -> 2020-01-02 00:00:00)
$BLK: possibly delisted; No price data found  (1d 2020-01-01 00:00:00 -> 2020-01-02 00:00:00)
$BX: possibly delisted; No price data found  (1d 2020-01-01 00:00:00 -> 2020-01-02 00:00:00)
$BA: possibly delisted; No price data found  (1d 2020-01-01 00:00:00 -> 2020-01-02 00:00:00)
$BKNG: possibly delisted; No price data found  (1d 2020-01-01 00:00:00 -> 2020-01-02 00:00:00)
$BWA: possibly delisted; No price data found  (1d 2020-01-01 00:00:00 -> 2020-01-02 00:00:00)
$BSX: possibly delisted; No price data found  (1d 2020-01-01 00:00:00 -> 2020-01-02 00:00:00)
$BMY: possibly delisted; No price data found  (1d 2020-01-01 00:00:00 -> 2020-01-02 00:00:00)
$AVGO: possibly delisted; No price data found  (1d 2020-01-01 00:00:00 -> 2020-01-02 00:00:00)
$BR: possibly delisted; No price data found  (1d 2020-01-01 00:00:00 -> 2020-01-02 00:00:00)
$BRO: possibly delisted; No price data found  (1d 2020-01-01 00:00:00 -> 2020-01-02 00:00:00)
$BF.B: possibly delisted; No price data found  (1d 2020-01-01 00:00:00 -> 2020-01-02 00:00:00)
$BLDR: possibly delisted; No price data found  (1d 2020-01-01 00:00:00 -> 2020-01-02 00:00:00)
$BG: possibly delisted; No price data found  (1d 2020-01-01 00:00:00 -> 2020-01-02 00:00:00)
$BXP: possibly delisted; No price data found  (1d 2020-01-01 00:00:00 -> 2020-01-02 00:00:00)
$CDNS: possibly delisted; No price data found  (1d 2020-01-01 00:00:00 -> 2020-01-02 00:00:00)
$CZR: possibly delisted; No price data found  (1d 2020-01-01 00:00:00 -> 2020-01-02 00:00:00)
$CPT: possibly delisted; No price data found  (1d 2020-01-01 00:00:00 -> 2020-01-02 00:00:00)
$CPB: possibly delisted; No price data found  (1d 2020-01-01 00:00:00 -> 2020-01-02 00:00:00)
$COF: possibly delisted; No price data found  (1d 2020-01-01 00:00:00 -> 2020-01-02 00:00:00)
$CAH: possibly delisted; No price data found  (1d 2020-01-01 00:00:00 -> 2020-01-02 00:00:00)
$KMX: possibly delisted; No price data found  (1d 2020-01-01 00:00:00 -> 2020-01-02 00:00:00)
$CCL: possibly delisted; No price data found  (1d 2020-01-01 00:00:00 -> 2020-01-02 00:00:00)
$CTLT: possibly delisted; No price data found  (1d 2020-01-01 00:00:00 -> 2020-01-02 00:00:00)
$CAT: possibly delisted; No price data found  (1d 2020-01-01 00:00:00 -> 2020-01-02 00:00:00)
$CBOE: possibly delisted; No price data found  (1d 2020-01-01 00:00:00 -> 2020-01-02 00:00:00)
$CBRE: possibly delisted; No price data found  (1d 2020-01-01 00:00:00 -> 2020-01-02 00:00:00)
$CDW: possibly delisted; No price data found  (1d 2020-01-01 00:00:00 -> 2020-01-02 00:00:00)
$CE: possibly delisted; No price data found  (1d 2020-01-01 00:00:00 -> 2020-01-02 00:00:00)
$COR: possibly delisted; No price data found  (1d 2020-01-01 00:00:00 -> 2020-01-02 00:00:00)
$CNC: possibly delisted; No price data found  (1d 2020-01-01 00:00:00 -> 2020-01-02 00:00:00)
$CNP: possibly delisted; No price data found  (1d 2020-01-01 00:00:00 -> 2020-01-02 00:00:00)
$CF: possibly delisted; No price data found  (1d 2020-01-01 00:00:00 -> 2020-01-02 00:00:00)
$CHRW: possibly delisted; No price data found  (1d 2020-01-01 00:00:00 -> 2020-01-02 00:00:00)
$CRL: possibly delisted; No price data found  (1d 2020-01-01 00:00:00 -> 2020-01-02 00:00:00)
$SCHW: possibly delisted; No price data found  (1d 2020-01-01 00:00:00 -> 2020-01-02 00:00:00)
$CHTR: possibly delisted; No price data found  (1d 2020-01-01 00:00:00 -> 2020-01-02 00:00:00)
$CVX: possibly delisted; No price data found  (1d 2020-01-01 00:00:00 -> 2020-01-02 00:00:00)
$CMG: possibly delisted; No price data found  (1d 2020-01-01 00:00:00 -> 2020-01-02 00:00:00)
$CB: possibly delisted; No price data found  (1d 2020-01-01 00:00:00 -> 2020-01-02 00:00:00)
$CHD: possibly delisted; No price data found  (1d 2020-01-01 00:00:00 -> 2020-01-02 00:00:00)
$CI: possibly delisted; No price data found  (1d 2020-01-01 00:00:00 -> 2020-01-02 00:00:00)
$CINF: possibly delisted; No price data found  (1d 2020-01-01 00:00:00 -> 2020-01-02 00:00:00)
$CTAS: possibly delisted; No price data found  (1d 2020-01-01 00:00:00 -> 2020-01-02 00:00:00)
$CSCO: possibly delisted; No price data found  (1d 2020-01-01 00:00:00 -> 2020-01-02 00:00:00)
$C: possibly delisted; No price data found  (1d 2020-01-01 00:00:00 -> 2020-01-02 00:00:00)
$CFG: possibly delisted; No price data found  (1d 2020-01-01 00:00:00 -> 2020-01-02 00:00:00)
$CLX: possibly delisted; No price data found  (1d 2020-01-01 00:00:00 -> 2020-01-02 00:00:00)
$CME: possibly delisted; No price data found  (1d 2020-01-01 00:00:00 -> 2020-01-02 00:00:00)
$CMS: possibly delisted; No price data found  (1d 2020-01-01 00:00:00 -> 2020-01-02 00:00:00)
$KO: possibly delisted; No price data found  (1d 2020-01-01 00:00:00 -> 2020-01-02 00:00:00)
$CTSH: possibly delisted; No price data found  (1d 2020-01-01 00:00:00 -> 2020-01-02 00:00:00)
$CL: possibly delisted; No price data found  (1d 2020-01-01 00:00:00 -> 2020-01-02 00:00:00)
$CMCSA: possibly delisted; No price data found  (1d 2020-01-01 00:00:00 -> 2020-01-02 00:00:00)
$CAG: possibly delisted; No price data found  (1d 2020-01-01 00:00:00 -> 2020-01-02 00:00:00)
$COP: possibly delisted; No price data found  (1d 2020-01-01 00:00:00 -> 2020-01-02 00:00:00)
$ED: possibly delisted; No price data found  (1d 2020-01-01 00:00:00 -> 2020-01-02 00:00:00)
$STZ: possibly delisted; No price data found  (1d 2020-01-01 00:00:00 -> 2020-01-02 00:00:00)
$COO: possibly delisted; No price data found  (1d 2020-01-01 00:00:00 -> 2020-01-02 00:00:00)
$CPRT: possibly delisted; No price data found  (1d 2020-01-01 00:00:00 -> 2020-01-02 00:00:00)
$GLW: possibly delisted; No price data found  (1d 2020-01-01 00:00:00 -> 2020-01-02 00:00:00)
$CPAY: possibly delisted; No price data found  (1d 2020-01-01 00:00:00 -> 2020-01-02 00:00:00)
$CTVA: possibly delisted; No price data found  (1d 2020-01-01 00:00:00 -> 2020-01-02 00:00:00)
$CSGP: possibly delisted; No price data found  (1d 2020-01-01 00:00:00 -> 2020-01-02 00:00:00)
$COST: possibly delisted; No price data found  (1d 2020-01-01 00:00:00 -> 2020-01-02 00:00:00)
$CTRA: possibly delisted; No price data found  (1d 2020-01-01 00:00:00 -> 2020-01-02 00:00:00)
$CRWD: possibly delisted; No price data found  (1d 2020-01-01 00:00:00 -> 2020-01-02 00:00:00)
$CCI: possibly delisted; No price data found  (1d 2020-01-01 00:00:00 -> 2020-01-02 00:00:00)
$CSX: possibly delisted; No price data found  (1d 2020-01-01 00:00:00 -> 2020-01-02 00:00:00)
$CMI: possibly delisted; No price data found  (1d 2020-01-01 00:00:00 -> 2020-01-02 00:00:00)
$CVS: possibly delisted; No price data found  (1d 2020-01-01 00:00:00 -> 2020-01-02 00:00:00)
$DHR: possibly delisted; No price data found  (1d 2020-01-01 00:00:00 -> 2020-01-02 00:00:00)
$DRI: possibly delisted; No price data found  (1d 2020-01-01 00:00:00 -> 2020-01-02 00:00:00)
$DVA: possibly delisted; No price data found  (1d 2020-01-01 00:00:00 -> 2020-01-02 00:00:00)
$DAY: possibly delisted; No price data found  (1d 2020-01-01 00:00:00 -> 2020-01-02 00:00:00)
$DECK: possibly delisted; No price data found  (1d 2020-01-01 00:00:00 -> 2020-01-02 00:00:00)
$DE: possibly delisted; No price data found  (1d 2020-01-01 00:00:00 -> 2020-01-02 00:00:00)
$DAL: possibly delisted; No price data found  (1d 2020-01-01 00:00:00 -> 2020-01-02 00:00:00)
$DVN: possibly delisted; No price data found  (1d 2020-01-01 00:00:00 -> 2020-01-02 00:00:00)
$DXCM: possibly delisted; No price data found  (1d 2020-01-01 00:00:00 -> 2020-01-02 00:00:00)
$FANG: possibly delisted; No price data found  (1d 2020-01-01 00:00:00 -> 2020-01-02 00:00:00)
$DLR: possibly delisted; No price data found  (1d 2020-01-01 00:00:00 -> 2020-01-02 00:00:00)
$DFS: possibly delisted; No price data found  (1d 2020-01-01 00:00:00 -> 2020-01-02 00:00:00)
$DG: possibly delisted; No price data found  (1d 2020-01-01 00:00:00 -> 2020-01-02 00:00:00)
$DLTR: possibly delisted; No price data found  (1d 2020-01-01 00:00:00 -> 2020-01-02 00:00:00)
$D: possibly delisted; No price data found  (1d 2020-01-01 00:00:00 -> 2020-01-02 00:00:00)
$DPZ: possibly delisted; No price data found  (1d 2020-01-01 00:00:00 -> 2020-01-02 00:00:00)
$DOV: possibly delisted; No price data found  (1d 2020-01-01 00:00:00 -> 2020-01-02 00:00:00)
$DOW: possibly delisted; No price data found  (1d 2020-01-01 00:00:00 -> 2020-01-02 00:00:00)
$DHI: possibly delisted; No price data found  (1d 2020-01-01 00:00:00 -> 2020-01-02 00:00:00)
$DTE: possibly delisted; No price data found  (1d 2020-01-01 00:00:00 -> 2020-01-02 00:00:00)
$DUK: possibly delisted; No price data found  (1d 2020-01-01 00:00:00 -> 2020-01-02 00:00:00)
$DD: possibly delisted; No price data found  (1d 2020-01-01 00:00:00 -> 2020-01-02 00:00:00)
$EMN: possibly delisted; No price data found  (1d 2020-01-01 00:00:00 -> 2020-01-02 00:00:00)
$ETN: possibly delisted; No price data found  (1d 2020-01-01 00:00:00 -> 2020-01-02 00:00:00)
$EBAY: possibly delisted; No price data found  (1d 2020-01-01 00:00:00 -> 2020-01-02 00:00:00)
$ECL: possibly delisted; No price data found  (1d 2020-01-01 00:00:00 -> 2020-01-02 00:00:00)
$EIX: possibly delisted; No price data found  (1d 2020-01-01 00:00:00 -> 2020-01-02 00:00:00)
$EW: possibly delisted; No price data found  (1d 2020-01-01 00:00:00 -> 2020-01-02 00:00:00)
$EA: possibly delisted; No price data found  (1d 2020-01-01 00:00:00 -> 2020-01-02 00:00:00)
$ELV: possibly delisted; No price data found  (1d 2020-01-01 00:00:00 -> 2020-01-02 00:00:00)
$LLY: possibly delisted; No price data found  (1d 2020-01-01 00:00:00 -> 2020-01-02 00:00:00)
$EMR: possibly delisted; No price data found  (1d 2020-01-01 00:00:00 -> 2020-01-02 00:00:00)
$ENPH: possibly delisted; No price data found  (1d 2020-01-01 00:00:00 -> 2020-01-02 00:00:00)
$ETR: possibly delisted; No price data found  (1d 2020-01-01 00:00:00 -> 2020-01-02 00:00:00)
$EOG: possibly delisted; No price data found  (1d 2020-01-01 00:00:00 -> 2020-01-02 00:00:00)
$EPAM: possibly delisted; No price data found  (1d 2020-01-01 00:00:00 -> 2020-01-02 00:00:00)
$EQT: possibly delisted; No price data found  (1d 2020-01-01 00:00:00 -> 2020-01-02 00:00:00)
$EFX: possibly delisted; No price data found  (1d 2020-01-01 00:00:00 -> 2020-01-02 00:00:00)
$EQIX: possibly delisted; No price data found  (1d 2020-01-01 00:00:00 -> 2020-01-02 00:00:00)
$EQR: possibly delisted; No price data found  (1d 2020-01-01 00:00:00 -> 2020-01-02 00:00:00)
$ESS: possibly delisted; No price data found  (1d 2020-01-01 00:00:00 -> 2020-01-02 00:00:00)
$EL: possibly delisted; No price data found  (1d 2020-01-01 00:00:00 -> 2020-01-02 00:00:00)
$ETSY: possibly delisted; No price data found  (1d 2020-01-01 00:00:00 -> 2020-01-02 00:00:00)
$EG: possibly delisted; No price data found  (1d 2020-01-01 00:00:00 -> 2020-01-02 00:00:00)
$EVRG: possibly delisted; No price data found  (1d 2020-01-01 00:00:00 -> 2020-01-02 00:00:00)
$ES: possibly delisted; No price data found  (1d 2020-01-01 00:00:00 -> 2020-01-02 00:00:00)
$EXC: possibly delisted; No price data found  (1d 2020-01-01 00:00:00 -> 2020-01-02 00:00:00)
$EXPE: possibly delisted; No price data found  (1d 2020-01-01 00:00:00 -> 2020-01-02 00:00:00)
$EXPD: possibly delisted; No price data found  (1d 2020-01-01 00:00:00 -> 2020-01-02 00:00:00)
$EXR: possibly delisted; No price data found  (1d 2020-01-01 00:00:00 -> 2020-01-02 00:00:00)
$XOM: possibly delisted; No price data found  (1d 2020-01-01 00:00:00 -> 2020-01-02 00:00:00)
$FFIV: possibly delisted; No price data found  (1d 2020-01-01 00:00:00 -> 2020-01-02 00:00:00)
$FDS: possibly delisted; No price data found  (1d 2020-01-01 00:00:00 -> 2020-01-02 00:00:00)
$FICO: possibly delisted; No price data found  (1d 2020-01-01 00:00:00 -> 2020-01-02 00:00:00)
$FAST: possibly delisted; No price data found  (1d 2020-01-01 00:00:00 -> 2020-01-02 00:00:00)
$FRT: possibly delisted; No price data found  (1d 2020-01-01 00:00:00 -> 2020-01-02 00:00:00)
$FDX: possibly delisted; No price data found  (1d 2020-01-01 00:00:00 -> 2020-01-02 00:00:00)
$FIS: possibly delisted; No price data found  (1d 2020-01-01 00:00:00 -> 2020-01-02 00:00:00)
$FITB: possibly delisted; No price data found  (1d 2020-01-01 00:00:00 -> 2020-01-02 00:00:00)
$FSLR: possibly delisted; No price data found  (1d 2020-01-01 00:00:00 -> 2020-01-02 00:00:00)
$FE: possibly delisted; No price data found  (1d 2020-01-01 00:00:00 -> 2020-01-02 00:00:00)
$FI: possibly delisted; No price data found  (1d 2020-01-01 00:00:00 -> 2020-01-02 00:00:00)
$FMC: possibly delisted; No price data found  (1d 2020-01-01 00:00:00 -> 2020-01-02 00:00:00)
$F: possibly delisted; No price data found  (1d 2020-01-01 00:00:00 -> 2020-01-02 00:00:00)
$FTNT: possibly delisted; No price data found  (1d 2020-01-01 00:00:00 -> 2020-01-02 00:00:00)
$FTV: possibly delisted; No price data found  (1d 2020-01-01 00:00:00 -> 2020-01-02 00:00:00)
$FOXA: possibly delisted; No price data found  (1d 2020-01-01 00:00:00 -> 2020-01-02 00:00:00)
$FOX: possibly delisted; No price data found  (1d 2020-01-01 00:00:00 -> 2020-01-02 00:00:00)
$BEN: possibly delisted; No price data found  (1d 2020-01-01 00:00:00 -> 2020-01-02 00:00:00)
$FCX: possibly delisted; No price data found  (1d 2020-01-01 00:00:00 -> 2020-01-02 00:00:00)
$GRMN: possibly delisted; No price data found  (1d 2020-01-01 00:00:00 -> 2020-01-02 00:00:00)
$IT: possibly delisted; No price data found  (1d 2020-01-01 00:00:00 -> 2020-01-02 00:00:00)
$GE: possibly delisted; No price data found  (1d 2020-01-01 00:00:00 -> 2020-01-02 00:00:00)
$GEN: possibly delisted; No price data found  (1d 2020-01-01 00:00:00 -> 2020-01-02 00:00:00)
$GNRC: possibly delisted; No price data found  (1d 2020-01-01 00:00:00 -> 2020-01-02 00:00:00)
$GD: possibly delisted; No price data found  (1d 2020-01-01 00:00:00 -> 2020-01-02 00:00:00)
$GIS: possibly delisted; No price data found  (1d 2020-01-01 00:00:00 -> 2020-01-02 00:00:00)
$GM: possibly delisted; No price data found  (1d 2020-01-01 00:00:00 -> 2020-01-02 00:00:00)
$GPC: possibly delisted; No price data found  (1d 2020-01-01 00:00:00 -> 2020-01-02 00:00:00)
$GILD: possibly delisted; No price data found  (1d 2020-01-01 00:00:00 -> 2020-01-02 00:00:00)
$GPN: possibly delisted; No price data found  (1d 2020-01-01 00:00:00 -> 2020-01-02 00:00:00)
$GL: possibly delisted; No price data found  (1d 2020-01-01 00:00:00 -> 2020-01-02 00:00:00)
$GDDY: possibly delisted; No price data found  (1d 2020-01-01 00:00:00 -> 2020-01-02 00:00:00)
$GS: possibly delisted; No price data found  (1d 2020-01-01 00:00:00 -> 2020-01-02 00:00:00)
$HAL: possibly delisted; No price data found  (1d 2020-01-01 00:00:00 -> 2020-01-02 00:00:00)
$HIG: possibly delisted; No price data found  (1d 2020-01-01 00:00:00 -> 2020-01-02 00:00:00)
$HAS: possibly delisted; No price data found  (1d 2020-01-01 00:00:00 -> 2020-01-02 00:00:00)
$HCA: possibly delisted; No price data found  (1d 2020-01-01 00:00:00 -> 2020-01-02 00:00:00)
$DOC: possibly delisted; No price data found  (1d 2020-01-01 00:00:00 -> 2020-01-02 00:00:00)
$HSIC: possibly delisted; No price data found  (1d 2020-01-01 00:00:00 -> 2020-01-02 00:00:00)
$HSY: possibly delisted; No price data found  (1d 2020-01-01 00:00:00 -> 2020-01-02 00:00:00)
$HES: possibly delisted; No price data found  (1d 2020-01-01 00:00:00 -> 2020-01-02 00:00:00)
$HPE: possibly delisted; No price data found  (1d 2020-01-01 00:00:00 -> 2020-01-02 00:00:00)
$HLT: possibly delisted; No price data found  (1d 2020-01-01 00:00:00 -> 2020-01-02 00:00:00)
$HOLX: possibly delisted; No price data found  (1d 2020-01-01 00:00:00 -> 2020-01-02 00:00:00)
$HD: possibly delisted; No price data found  (1d 2020-01-01 00:00:00 -> 2020-01-02 00:00:00)
$HON: possibly delisted; No price data found  (1d 2020-01-01 00:00:00 -> 2020-01-02 00:00:00)
$HRL: possibly delisted; No price data found  (1d 2020-01-01 00:00:00 -> 2020-01-02 00:00:00)
$HST: possibly delisted; No price data found  (1d 2020-01-01 00:00:00 -> 2020-01-02 00:00:00)
$HWM: possibly delisted; No price data found  (1d 2020-01-01 00:00:00 -> 2020-01-02 00:00:00)
$HPQ: possibly delisted; No price data found  (1d 2020-01-01 00:00:00 -> 2020-01-02 00:00:00)
$HUBB: possibly delisted; No price data found  (1d 2020-01-01 00:00:00 -> 2020-01-02 00:00:00)
$HUM: possibly delisted; No price data found  (1d 2020-01-01 00:00:00 -> 2020-01-02 00:00:00)
$HBAN: possibly delisted; No price data found  (1d 2020-01-01 00:00:00 -> 2020-01-02 00:00:00)
$HII: possibly delisted; No price data found  (1d 2020-01-01 00:00:00 -> 2020-01-02 00:00:00)
$IBM: possibly delisted; No price data found  (1d 2020-01-01 00:00:00 -> 2020-01-02 00:00:00)
$IEX: possibly delisted; No price data found  (1d 2020-01-01 00:00:00 -> 2020-01-02 00:00:00)
$IDXX: possibly delisted; No price data found  (1d 2020-01-01 00:00:00 -> 2020-01-02 00:00:00)
$ITW: possibly delisted; No price data found  (1d 2020-01-01 00:00:00 -> 2020-01-02 00:00:00)
$INCY: possibly delisted; No price data found  (1d 2020-01-01 00:00:00 -> 2020-01-02 00:00:00)
$IR: possibly delisted; No price data found  (1d 2020-01-01 00:00:00 -> 2020-01-02 00:00:00)
$PODD: possibly delisted; No price data found  (1d 2020-01-01 00:00:00 -> 2020-01-02 00:00:00)
$INTC: possibly delisted; No price data found  (1d 2020-01-01 00:00:00 -> 2020-01-02 00:00:00)
$ICE: possibly delisted; No price data found  (1d 2020-01-01 00:00:00 -> 2020-01-02 00:00:00)
$IFF: possibly delisted; No price data found  (1d 2020-01-01 00:00:00 -> 2020-01-02 00:00:00)
$IP: possibly delisted; No price data found  (1d 2020-01-01 00:00:00 -> 2020-01-02 00:00:00)
$IPG: possibly delisted; No price data found  (1d 2020-01-01 00:00:00 -> 2020-01-02 00:00:00)
$INTU: possibly delisted; No price data found  (1d 2020-01-01 00:00:00 -> 2020-01-02 00:00:00)
$ISRG: possibly delisted; No price data found  (1d 2020-01-01 00:00:00 -> 2020-01-02 00:00:00)
$IVZ: possibly delisted; No price data found  (1d 2020-01-01 00:00:00 -> 2020-01-02 00:00:00)
$INVH: possibly delisted; No price data found  (1d 2020-01-01 00:00:00 -> 2020-01-02 00:00:00)
