$MMM: possibly delisted; No price data found  (1d 2020-01-11 00:00:00 -> 2020-01-12 00:00:00)
$AOS: possibly delisted; No price data found  (1d 2020-01-11 00:00:00 -> 2020-01-12 00:00:00)
$ABT: possibly delisted; No price data found  (1d 2020-01-11 00:00:00 -> 2020-01-12 00:00:00)
$ABBV: possibly delisted; No price data found  (1d 2020-01-11 00:00:00 -> 2020-01-12 00:00:00)
$ACN: possibly delisted; No price data found  (1d 2020-01-11 00:00:00 -> 2020-01-12 00:00:00)
$ADBE: possibly delisted; No price data found  (1d 2020-01-11 00:00:00 -> 2020-01-12 00:00:00)
$AMD: possibly delisted; No price data found  (1d 2020-01-11 00:00:00 -> 2020-01-12 00:00:00)
$AES: possibly delisted; No price data found  (1d 2020-01-11 00:00:00 -> 2020-01-12 00:00:00)
$AFL: possibly delisted; No price data found  (1d 2020-01-11 00:00:00 -> 2020-01-12 00:00:00)
$A: possibly delisted; No price data found  (1d 2020-01-11 00:00:00 -> 2020-01-12 00:00:00)
$APD: possibly delisted; No price data found  (1d 2020-01-11 00:00:00 -> 2020-01-12 00:00:00)
$AKAM: possibly delisted; No price data found  (1d 2020-01-11 00:00:00 -> 2020-01-12 00:00:00)
$ALB: possibly delisted; No price data found  (1d 2020-01-11 00:00:00 -> 2020-01-12 00:00:00)
$ARE: possibly delisted; No price data found  (1d 2020-01-11 00:00:00 -> 2020-01-12 00:00:00)
$ALGN: possibly delisted; No price data found  (1d 2020-01-11 00:00:00 -> 2020-01-12 00:00:00)
$ALLE: possibly delisted; No price data found  (1d 2020-01-11 00:00:00 -> 2020-01-12 00:00:00)
$LNT: possibly delisted; No price data found  (1d 2020-01-11 00:00:00 -> 2020-01-12 00:00:00)
$ALL: possibly delisted; No price data found  (1d 2020-01-11 00:00:00 -> 2020-01-12 00:00:00)
$GOOGL: possibly delisted; No price data found  (1d 2020-01-11 00:00:00 -> 2020-01-12 00:00:00)
$GOOG: possibly delisted; No price data found  (1d 2020-01-11 00:00:00 -> 2020-01-12 00:00:00)
$MO: possibly delisted; No price data found  (1d 2020-01-11 00:00:00 -> 2020-01-12 00:00:00)
$AMZN: possibly delisted; No price data found  (1d 2020-01-11 00:00:00 -> 2020-01-12 00:00:00)
$AMCR: possibly delisted; No price data found  (1d 2020-01-11 00:00:00 -> 2020-01-12 00:00:00)
$AEE: possibly delisted; No price data found  (1d 2020-01-11 00:00:00 -> 2020-01-12 00:00:00)
$AAL: possibly delisted; No price data found  (1d 2020-01-11 00:00:00 -> 2020-01-12 00:00:00)
$AEP: possibly delisted; No price data found  (1d 2020-01-11 00:00:00 -> 2020-01-12 00:00:00)
$AXP: possibly delisted; No price data found  (1d 2020-01-11 00:00:00 -> 2020-01-12 00:00:00)
$AIG: possibly delisted; No price data found  (1d 2020-01-11 00:00:00 -> 2020-01-12 00:00:00)
$AMT: possibly delisted; No price data found  (1d 2020-01-11 00:00:00 -> 2020-01-12 00:00:00)
$AWK: possibly delisted; No price data found  (1d 2020-01-11 00:00:00 -> 2020-01-12 00:00:00)
$AMP: possibly delisted; No price data found  (1d 2020-01-11 00:00:00 -> 2020-01-12 00:00:00)
$AME: possibly delisted; No price data found  (1d 2020-01-11 00:00:00 -> 2020-01-12 00:00:00)
$AMGN: possibly delisted; No price data found  (1d 2020-01-11 00:00:00 -> 2020-01-12 00:00:00)
$APH: possibly delisted; No price data found  (1d 2020-01-11 00:00:00 -> 2020-01-12 00:00:00)
$ADI: possibly delisted; No price data found  (1d 2020-01-11 00:00:00 -> 2020-01-12 00:00:00)
$ANSS: possibly delisted; No price data found  (1d 2020-01-11 00:00:00 -> 2020-01-12 00:00:00)
$AON: possibly delisted; No price data found  (1d 2020-01-11 00:00:00 -> 2020-01-12 00:00:00)
$APA: possibly delisted; No price data found  (1d 2020-01-11 00:00:00 -> 2020-01-12 00:00:00)
$AAPL: possibly delisted; No price data found  (1d 2020-01-11 00:00:00 -> 2020-01-12 00:00:00)
$AMAT: possibly delisted; No price data found  (1d 2020-01-11 00:00:00 -> 2020-01-12 00:00:00)
